/nas/home/jahin/.local/lib/python3.10/site-packages/torchvision/io/image.py:13: UserWarning: Failed to load image Python extension: '/nas/home/jahin/.local/lib/python3.10/site-packages/torchvision/image.so: undefined symbol: _ZN3c1017RegisterOperatorsD1Ev'If you don't plan on using image functionality from `torchvision.io`, you can ignore this warning. Otherwise, there might be something wrong with your environment. Did you have `libjpeg` or `libpng` installed before building `torchvision` from source?
  warn(
/nas/home/jahin/.local/lib/python3.10/site-packages/requests/__init__.py:113: RequestsDependencyWarning: urllib3 (1.26.5) or chardet (7.2.0)/charset_normalizer (3.4.4) doesn't match a supported version!
  warnings.warn(

━━━━━━━━━━━━━━━━━━━━━━━━━━━━━━━━━━━━━━━━━━━━━━━━━━━━━━━━━━━━━━━━━━━━
  MNIST  ψ=0.4  seed=42  variant=adaptive  μ=0.1
━━━━━━━━━━━━━━━━━━━━━━━━━━━━━━━━━━━━━━━━━━━━━━━━━━━━━━━━━━━━━━━━━━━━
/nas/home/jahin/.local/lib/python3.10/site-packages/torch/cuda/__init__.py:654: UserWarning: Can't initialize NVML
  warnings.warn("Can't initialize NVML")
  [  1] acc=0.8066  θ=1.000  β=0.850  Σmb=    0.3  Σt=     24s  wall=    9s [WARMUP]
  [ 10] acc=0.8998  θ=0.277  β=0.937  Σmb=    1.0  Σt=    236s  wall=   71s
  [ 20] acc=0.9111  θ=0.267  β=0.938  Σmb=    1.9  Σt=    474s  wall=  137s
  [ 30] acc=0.9052  θ=0.250  β=0.940  Σmb=    2.7  Σt=    712s  wall=  204s
  [ 40] acc=0.9095  θ=0.228  β=0.943  Σmb=    3.5  Σt=    953s  wall=  269s
  [ 50] acc=0.9167  θ=0.203  β=0.946  Σmb=    4.1  Σt=   1184s  wall=  333s
  [ 60] acc=0.9113  θ=0.177  β=0.949  Σmb=    4.7  Σt=   1418s  wall=  399s
  [ 70] acc=0.9100  θ=0.154  β=0.951  Σmb=    5.2  Σt=   1657s  wall=  466s
  [ 80] acc=0.9093  θ=0.136  β=0.954  Σmb=    5.7  Σt=   1889s  wall=  533s
  [ 90] acc=0.9141  θ=0.124  β=0.955  Σmb=    6.1  Σt=   2123s  wall=  600s
  [100] acc=0.9073  θ=0.120  β=0.956  Σmb=    6.5  Σt=   2354s  wall=  665s

  RESULT  peak=0.9194  final=0.9073  drop=0.0121  target=✓
          rounds=5  time=118s  traffic=0.6MB
  → results/mnist_psi0p4_mu0p1_seed42_adaptive.json

✓  Wrote results/summary.json  (1 experiment(s))
