/nas/home/jahin/.local/lib/python3.10/site-packages/torchvision/io/image.py:13: UserWarning: Failed to load image Python extension: '/nas/home/jahin/.local/lib/python3.10/site-packages/torchvision/image.so: undefined symbol: _ZN3c1017RegisterOperatorsD1Ev'If you don't plan on using image functionality from `torchvision.io`, you can ignore this warning. Otherwise, there might be something wrong with your environment. Did you have `libjpeg` or `libpng` installed before building `torchvision` from source?
  warn(
/nas/home/jahin/.local/lib/python3.10/site-packages/requests/__init__.py:113: RequestsDependencyWarning: urllib3 (1.26.5) or chardet (7.2.0)/charset_normalizer (3.4.4) doesn't match a supported version!
  warnings.warn(

━━━━━━━━━━━━━━━━━━━━━━━━━━━━━━━━━━━━━━━━━━━━━━━━━━━━━━━━━━━━━━━━━━━━
  TINYIMAGENET  ψ=80.0  seed=42  variant=adaptive  μ=0.1
━━━━━━━━━━━━━━━━━━━━━━━━━━━━━━━━━━━━━━━━━━━━━━━━━━━━━━━━━━━━━━━━━━━━
/nas/home/jahin/.local/lib/python3.10/site-packages/torch/cuda/__init__.py:654: UserWarning: Can't initialize NVML
  warnings.warn("Can't initialize NVML")
  [  1] acc=0.0061  θ=1.000  β=0.850  Σmb=  130.6  Σt=     53s  wall=  182s [WARMUP]
  [ 10] acc=0.0488  θ=0.277  β=0.937  Σmb= 1133.9  Σt=    592s  wall= 1812s
  [ 20] acc=0.0776  θ=0.267  β=0.938  Σmb= 2163.8  Σt=   1196s  wall= 3519s
  [ 30] acc=0.1231  θ=0.250  β=0.940  Σmb= 3146.5  Σt=   1794s  wall= 5516s
  [ 40] acc=0.1731  θ=0.228  β=0.943  Σmb= 4098.2  Σt=   2376s  wall= 7195s
  [ 50] acc=0.2161  θ=0.203  β=0.946  Σmb= 4979.3  Σt=   2976s  wall= 8878s
  [ 60] acc=0.2523  θ=0.177  β=0.949  Σmb= 5792.7  Σt=   3553s  wall=10709s
  [ 70] acc=0.2733  θ=0.154  β=0.951  Σmb= 6492.7  Σt=   4106s  wall=12376s
  [ 80] acc=0.3095  θ=0.136  β=0.954  Σmb= 7122.7  Σt=   4675s  wall=14049s
  [ 90] acc=0.3250  θ=0.124  β=0.955  Σmb= 7695.4  Σt=   5217s  wall=15733s
  [100] acc=0.3329  θ=0.120  β=0.956  Σmb= 8236.0  Σt=   5723s  wall=17402s

  RESULT  peak=0.3353  final=0.3329  drop=0.0024  target=✓
          rounds=79  time=4622s  traffic=7061.4MB
  → results/tinyimagenet_psi80p0_mu0p1_seed42_adaptive.json

✓  Wrote results/summary.json  (1 experiment(s))
